
> clearpost-landing@0.1.0 build
> next build

   Γû▓ Next.js 14.1.0

   Creating an optimized production build ...
 Γ£ô Compiled successfully
   Linting and checking validity of types ...
   Collecting page data ...
   Generating static pages (0/4) ...

   Generating static pages (1/4) 

   Generating static pages (2/4) 

   Generating static pages (3/4) 

 Γ£ô Generating static pages (4/4) 
   Finalizing page optimization ...
   Collecting build traces ...

Route (app)                              Size     First Load JS
Γöî Γùï /                                    106 kB          191 kB
Γöö Γùï /_not-found                          882 B            85 kB
+ First Load JS shared by all            84.1 kB
  Γö£ chunks/69-9685b12e726c2066.js        28.9 kB
  Γö£ chunks/fd9d1056-ec06e3651eb582df.js  53.4 kB
  Γöö other shared chunks (total)          1.87 kB


Γùï  (Static)  prerendered as static content

